morimoto-linux-sound-multi-v4.6-2016-05-24
salvator

boot
dmesg | grep rcar_sound

rcar_sound ec500000.sound: b adg[0] - SSICKR             ( 108) : 00010000/80ff0000
rcar_sound ec500000.sound: w adg[0] - BRRA               ( 106) : 00000000
rcar_sound ec500000.sound: w adg[0] - BRRB               ( 107) : 00000002
rcar_sound ec500000.sound: ssi[0] is connected to io (Playback)
rcar_sound ec500000.sound: ssi[1] is connected to io (Playback)
rcar_sound ec500000.sound: ssi[2] is connected to io (Playback)
rcar_sound ec500000.sound: src[0] is connected to io (Playback)
rcar_sound ec500000.sound: dvc[0] is connected to io (Playback)
rcar_sound ec500000.sound: rsnd-dai.0 (play/  --   )
rcar_sound ec500000.sound: ssi[2]        0x00000000 probe
rcar_sound ec500000.sound: ssi[1]        0x00000000 probe
rcar_sound ec500000.sound: ssi[0]        0x00000000 probe
rcar_sound ec500000.sound: ssiu[0] is connected to io (Playback)
rcar_sound ec500000.sound: audmac-pp[0] is connected to io (Playback)
rcar_sound ec500000.sound: ssiu[0]       0x00000000
rcar_sound ec500000.sound: dvc[0]        0x00000000 probe
rcar_sound ec500000.sound: cmd[0] is connected to io (Playback)
rcar_sound ec500000.sound: cmd[0]        0x00000000
rcar_sound ec500000.sound: src[0]        0x00000000 probe
rcar_sound ec500000.sound: audmac[0] is connected to io (Playback)
rcar_sound ec500000.sound: probed
rcar_sound ec500000.sound: audmac-pp[0]  0x00000000
rcar_sound ec500000.sound: audmac[0]     0x00000000
rcar_sound ec500000.sound: ssi[2]        0x00000000 pcm_new
rcar_sound ec500000.sound: ssi[1]        0x00000000 pcm_new
rcar_sound ec500000.sound: ssi[0]        0x00000000 pcm_new
rcar_sound ec500000.sound: ssiu[0]       0x00000000
rcar_sound ec500000.sound: dvc[0]        0x00000000 pcm_new
rcar_sound ec500000.sound: cmd[0]        0x00000000
rcar_sound ec500000.sound: src[0]        0x00000000 pcm_new

aplay 2ch 16bit 48k

amixer set "DVC Out" 30%
aplay xxx

rcar_sound ec500000.sound: audmac-pp[0]  0x00000000
rcar_sound ec500000.sound: audmac[0]     0x00000000
rcar_sound ec500000.sound: ssi[2]        0x00000000 hw_params
rcar_sound ec500000.sound: ssi[1]        0x00000000 hw_params
rcar_sound ec500000.sound: ssi[0]        0x00000000 hw_params
rcar_sound ec500000.sound: ssiu[0]       0x00000000
rcar_sound ec500000.sound: dvc[0]        0x00000000
rcar_sound ec500000.sound: cmd[0]        0x00000000
rcar_sound ec500000.sound: src[0]        0x00000000 hw_params
rcar_sound ec500000.sound: audmac-pp[0]  0x00000010
rcar_sound ec500000.sound: audmac[0]     0x00000010
rcar_sound ec500000.sound: ssi[2]        0x00000010 init
rcar_sound ec500000.sound: ssi[1]        0x00000010 init
rcar_sound ec500000.sound: ssi[0]        0x00000010 init
rcar_sound ec500000.sound: b adg[0] - AUDIO_CLK_SEL0     ( 110) : 00000002/000000ff
rcar_sound ec500000.sound: w ssi[0] - SSIWSR             ( 117) : 00000100
rcar_sound ec500000.sound: w ssi[0] - SSICR              ( 113) : 9c0bd332
rcar_sound ec500000.sound: w ssi[0] - SSISR              ( 114) : 00000000
rcar_sound ec500000.sound: ssiu[0]       0x00000010 init
rcar_sound ec500000.sound: b ssiu[0] - SSI_MODE0          (   1) : 00000000/00000001
rcar_sound ec500000.sound: b ssiu[0] - SSI_MODE1          (   2) : 00000000/00100010
rcar_sound ec500000.sound: b ssiu[0] - SSI_MODE2          (   3) : 00000000/00000010
rcar_sound ec500000.sound: w ssiu[0] - SSI_BUSIF_ADINR    (   7) : 00080002
rcar_sound ec500000.sound: w ssiu[0] - SSI_BUSIF_MODE     (   6) : 00000001
rcar_sound ec500000.sound: w ssiu[0] - SSI_BUSIF_DALIGN   (   8) : 76543210
rcar_sound ec500000.sound: dvc[0]        0x00000010 init
rcar_sound ec500000.sound: w dvc[0] - DVC_SWRSR          (  89) : 00000000
rcar_sound ec500000.sound: w dvc[0] - DVC_SWRSR          (  89) : 00000001
rcar_sound ec500000.sound: w dvc[0] - DVC_DVUIR          (  90) : 00000001
rcar_sound ec500000.sound: w dvc[0] - DVC_ADINR          (  91) : 00080002
rcar_sound ec500000.sound: w dvc[0] - DVC_DVUCR          (  92) : 00000101
rcar_sound ec500000.sound: w dvc[0] - DVC_VRCTR          ( 103) : 00000000
rcar_sound ec500000.sound: w dvc[0] - DVC_VRPDR          ( 104) : 00000000
rcar_sound ec500000.sound: w dvc[0] - DVC_VRDBR          ( 105) : 00000000
rcar_sound ec500000.sound: w dvc[0] - DVC_VOL0R          (  94) : 00266667
rcar_sound ec500000.sound: w dvc[0] - DVC_VOL1R          (  95) : 00266667
rcar_sound ec500000.sound: w dvc[0] - DVC_VOL2R          (  96) : 00266667
rcar_sound ec500000.sound: w dvc[0] - DVC_VOL3R          (  97) : 00266667
rcar_sound ec500000.sound: w dvc[0] - DVC_VOL4R          (  98) : 00266667
rcar_sound ec500000.sound: w dvc[0] - DVC_VOL5R          (  99) : 00266667
rcar_sound ec500000.sound: w dvc[0] - DVC_VOL6R          ( 100) : 00000000
rcar_sound ec500000.sound: w dvc[0] - DVC_VOL7R          ( 101) : 00000000
rcar_sound ec500000.sound: w dvc[0] - DVC_DVUIR          (  90) : 00000000
rcar_sound ec500000.sound: w dvc[0] - DVC_DVUER          ( 102) : 00000000
rcar_sound ec500000.sound: w dvc[0] - DVC_ZCMCR          (  93) : 00000000
rcar_sound ec500000.sound: w dvc[0] - DVC_VRPDR          ( 104) : 00000000
rcar_sound ec500000.sound: w dvc[0] - DVC_VRDBR          ( 105) : 00000000
rcar_sound ec500000.sound: w dvc[0] - DVC_VOL0R          (  94) : 00266667
rcar_sound ec500000.sound: w dvc[0] - DVC_VOL1R          (  95) : 00266667
rcar_sound ec500000.sound: w dvc[0] - DVC_VOL2R          (  96) : 00266667
rcar_sound ec500000.sound: w dvc[0] - DVC_VOL3R          (  97) : 00266667
rcar_sound ec500000.sound: w dvc[0] - DVC_VOL4R          (  98) : 00266667
rcar_sound ec500000.sound: w dvc[0] - DVC_VOL5R          (  99) : 00266667
rcar_sound ec500000.sound: w dvc[0] - DVC_VOL6R          ( 100) : 00000000
rcar_sound ec500000.sound: w dvc[0] - DVC_VOL7R          ( 101) : 00000000
rcar_sound ec500000.sound: w dvc[0] - DVC_DVUER          ( 102) : 00000001
rcar_sound ec500000.sound: cmd[0]        0x00000010 init
rcar_sound ec500000.sound: w cmd[0] - CMD_ROUTE_SLCT     (  40) : 00030000
rcar_sound ec500000.sound: w cmd[0] - CMD_BUSIF_DALIGN   (  39) : 76543210
rcar_sound ec500000.sound: b adg[0] - CMDOUT_TIMSEL      (  41) : 00000600/0000ffff
rcar_sound ec500000.sound: src[0]        0x00000010 init
rcar_sound ec500000.sound: w src[0] - SRC_SWRSR          (  13) : 00000000
rcar_sound ec500000.sound: w src[0] - SRC_SWRSR          (  13) : 00000001
rcar_sound ec500000.sound: w src[0] - SRC_ROUTE_MODE0    (  12) : 00000000
rcar_sound ec500000.sound: w src[0] - SRC_SRCIR          (  14) : 00000001
rcar_sound ec500000.sound: w src[0] - SRC_ADINR          (  15) : 00080002
rcar_sound ec500000.sound: w src[0] - SRC_IFSCR          (  16) : 00000000
rcar_sound ec500000.sound: w src[0] - SRC_IFSVR          (  17) : 00000000
rcar_sound ec500000.sound: w src[0] - SRC_SRCCR          (  18) : 00011110
rcar_sound ec500000.sound: w src[0] - SRC_BSDSR          (  20) : 01800000
rcar_sound ec500000.sound: w src[0] - SRC_BSISR          (  21) : 00100060
rcar_sound ec500000.sound: w src[0] - SRC_SRCIR          (  14) : 00000000
rcar_sound ec500000.sound: w src[0] - SRC_I_BUSIF_MODE   (  10) : 00000001
rcar_sound ec500000.sound: w src[0] - SRC_O_BUSIF_MODE   (  11) : 00000001
rcar_sound ec500000.sound: w src[0] - SRC_BUSIF_DALIGN   (  23) : 76543201
rcar_sound ec500000.sound: b adg[0] - SRCIN_TIMSEL0      (  24) : 00000600/0000ffff
rcar_sound ec500000.sound: b adg[0] - SRCOUT_TIMSEL0     (  29) : 00000600/0000ffff
rcar_sound ec500000.sound: b src[0] - SCU_SYS_STATUS0    (  34) : 00010001/00010001
rcar_sound ec500000.sound: b src[0] - SCU_SYS_STATUS1    (  35) : 00010001/00010001
rcar_sound ec500000.sound: audmac-pp[0]  0x00000110 start
rcar_sound ec500000.sound: audmac[0]     0x00000110 start
rcar_sound ec500000.sound: ssi[2]        0x00000110 start
rcar_sound ec500000.sound: ssi[1]        0x00000110 start
rcar_sound ec500000.sound: ssi[0]        0x00000110 start
rcar_sound ec500000.sound: b ssi[0] - SSICR              ( 113) : 00000001/00000001
rcar_sound ec500000.sound: ssiu[0]       0x00000110 start
rcar_sound ec500000.sound: w ssiu[0] - SSI_CTRL           (   5) : 00000001
rcar_sound ec500000.sound: dvc[0]        0x00000110
rcar_sound ec500000.sound: cmd[0]        0x00000110 start
rcar_sound ec500000.sound: w cmd[0] - CMD_CTRL           (  38) : 00000010
rcar_sound ec500000.sound: src[0]        0x00000110 start
rcar_sound ec500000.sound: w src[0] - SRC_CTRL           (  19) : 00000001
rcar_sound ec500000.sound: audmac-pp[0]  0x00000110
rcar_sound ec500000.sound: audmac[0]     0x00000110
rcar_sound ec500000.sound: ssi[2]        0x00000110 irq
rcar_sound ec500000.sound: ssi[1]        0x00000110 irq
rcar_sound ec500000.sound: ssi[0]        0x00000110 irq
rcar_sound ec500000.sound: w ssi[0] - SSI_INT_ENABLE     (   9) : 0e000000
rcar_sound ec500000.sound: ssiu[0]       0x00000110
rcar_sound ec500000.sound: dvc[0]        0x00000110
rcar_sound ec500000.sound: cmd[0]        0x00000110
rcar_sound ec500000.sound: src[0]        0x00000110 irq
rcar_sound ec500000.sound: w src[0] - SRC_INT_ENABLE0    (  22) : 00003300
rcar_sound ec500000.sound: b src[0] - SCU_SYS_INT_EN0    (  36) : 00010001/00010001
rcar_sound ec500000.sound: b src[0] - SCU_SYS_INT_EN1    (  37) : 00010001/00010001

stop

rcar_sound ec500000.sound: audmac-pp[0]  0x00000110
rcar_sound ec500000.sound: audmac[0]     0x00000110
rcar_sound ec500000.sound: ssi[2]        0x00000110 irq
rcar_sound ec500000.sound: ssi[1]        0x00000110 irq
rcar_sound ec500000.sound: ssi[0]        0x00000110 irq
rcar_sound ec500000.sound: w ssi[0] - SSI_INT_ENABLE     (   9) : 00000000
rcar_sound ec500000.sound: ssiu[0]       0x00000110
rcar_sound ec500000.sound: dvc[0]        0x00000110
rcar_sound ec500000.sound: cmd[0]        0x00000110
rcar_sound ec500000.sound: src[0]        0x00000110 irq
rcar_sound ec500000.sound: w src[0] - SRC_INT_ENABLE0    (  22) : 00000000
rcar_sound ec500000.sound: b src[0] - SCU_SYS_INT_EN0    (  36) : 00000000/00010001
rcar_sound ec500000.sound: b src[0] - SCU_SYS_INT_EN1    (  37) : 00000000/00010001
rcar_sound ec500000.sound: audmac-pp[0]  0x00000010 stop
rcar_sound ec500000.sound: audmac[0]     0x00000010 stop
rcar_sound ec500000.sound: ssi[2]        0x00000010 stop
rcar_sound ec500000.sound: ssi[1]        0x00000010 stop
rcar_sound ec500000.sound: ssi[0]        0x00000010 stop
rcar_sound ec500000.sound: w ssi[0] - SSICR              ( 113) : 800bd333
rcar_sound ec500000.sound: r ssi[0] - SSISR              ( 114) : 0940aab2
rcar_sound ec500000.sound: w ssi[0] - SSICR              ( 113) : 800bd332
rcar_sound ec500000.sound: r ssi[0] - SSISR              ( 114) : 0a10a003
rcar_sound ec500000.sound: ssiu[0]       0x00000010 stop
rcar_sound ec500000.sound: w ssiu[0] - SSI_CTRL           (   5) : 00000000
rcar_sound ec500000.sound: dvc[0]        0x00000010
rcar_sound ec500000.sound: cmd[0]        0x00000010 stop
rcar_sound ec500000.sound: w cmd[0] - CMD_CTRL           (  38) : 00000000
rcar_sound ec500000.sound: src[0]        0x00000010 stop
rcar_sound ec500000.sound: w src[0] - SRC_CTRL           (  19) : 00000000
rcar_sound ec500000.sound: audmac-pp[0]  0x00000000 quit
rcar_sound ec500000.sound: audmac[0]     0x00000000
rcar_sound ec500000.sound: ssi[2]        0x00000000 quit
rcar_sound ec500000.sound: ssi[1]        0x00000000 quit
rcar_sound ec500000.sound: ssi[0]        0x00000000 quit
rcar_sound ec500000.sound: b adg[0] - AUDIO_CLK_SEL0     ( 110) : 00000000/000000ff
rcar_sound ec500000.sound: ssiu[0]       0x00000000
rcar_sound ec500000.sound: dvc[0]        0x00000000 quit
rcar_sound ec500000.sound: w dvc[0] - DVC_DVUIR          (  90) : 00000001
rcar_sound ec500000.sound: w dvc[0] - DVC_SWRSR          (  89) : 00000000
rcar_sound ec500000.sound: cmd[0]        0x00000000
rcar_sound ec500000.sound: src[0]        0x00000000 quit
rcar_sound ec500000.sound: w src[0] - SRC_SRCIR          (  14) : 00000001
rcar_sound ec500000.sound: w src[0] - SRC_SWRSR          (  13) : 00000000

aplay 6ch 16bit 48kHz

aplay xxxx

rcar_sound ec500000.sound: audmac-pp[0]  0x00000000
rcar_sound ec500000.sound: audmac[0]     0x00000000
rcar_sound ec500000.sound: ssi[2]        0x00000000 hw_params
rcar_sound ec500000.sound: ssi[1]        0x00000000 hw_params
rcar_sound ec500000.sound: ssi[0]        0x00000000 hw_params
rcar_sound ec500000.sound: ssiu[0]       0x00000000
rcar_sound ec500000.sound: dvc[0]        0x00000000
rcar_sound ec500000.sound: cmd[0]        0x00000000
rcar_sound ec500000.sound: src[0]        0x00000000 hw_params
rcar_sound ec500000.sound: audmac-pp[0]  0x00000010
rcar_sound ec500000.sound: audmac[0]     0x00000010
rcar_sound ec500000.sound: ssi[2]        0x00000010 init
rcar_sound ec500000.sound: w ssi[2] - SSIWSR             ( 117) : 00000000
rcar_sound ec500000.sound: w ssi[2] - SSICR              ( 113) : 9c0b1302
rcar_sound ec500000.sound: w ssi[2] - SSISR              ( 114) : 00000000
rcar_sound ec500000.sound: ssi[1]        0x00000010 init
rcar_sound ec500000.sound: w ssi[1] - SSIWSR             ( 117) : 00000000
rcar_sound ec500000.sound: w ssi[1] - SSICR              ( 113) : 9c0b1302
rcar_sound ec500000.sound: w ssi[1] - SSISR              ( 114) : 00000000
rcar_sound ec500000.sound: ssi[0]        0x00000010 init
rcar_sound ec500000.sound: b adg[0] - AUDIO_CLK_SEL0     ( 110) : 00000002/000000ff
rcar_sound ec500000.sound: w ssi[0] - SSIWSR             ( 117) : 00000100
rcar_sound ec500000.sound: w ssi[0] - SSICR              ( 113) : 9c0bd332
rcar_sound ec500000.sound: w ssi[0] - SSISR              ( 114) : 00000000
rcar_sound ec500000.sound: ssiu[0]       0x00000010 init
rcar_sound ec500000.sound: b ssiu[0] - SSI_MODE0          (   1) : 00000000/00000001
rcar_sound ec500000.sound: b ssiu[0] - SSI_MODE1          (   2) : 0000001a/0010001f
rcar_sound ec500000.sound: b ssiu[0] - SSI_MODE2          (   3) : 00000000/00000017
rcar_sound ec500000.sound: w ssiu[0] - SSI_BUSIF_ADINR    (   7) : 00080006
rcar_sound ec500000.sound: w ssiu[0] - SSI_BUSIF_MODE     (   6) : 00000001
rcar_sound ec500000.sound: w ssiu[0] - SSI_BUSIF_DALIGN   (   8) : 76543210
rcar_sound ec500000.sound: dvc[0]        0x00000010 init
rcar_sound ec500000.sound: w dvc[0] - DVC_SWRSR          (  89) : 00000000
rcar_sound ec500000.sound: w dvc[0] - DVC_SWRSR          (  89) : 00000001
rcar_sound ec500000.sound: w dvc[0] - DVC_DVUIR          (  90) : 00000001
rcar_sound ec500000.sound: w dvc[0] - DVC_ADINR          (  91) : 00080006
rcar_sound ec500000.sound: w dvc[0] - DVC_DVUCR          (  92) : 00000101
rcar_sound ec500000.sound: w dvc[0] - DVC_VRCTR          ( 103) : 00000000
rcar_sound ec500000.sound: w dvc[0] - DVC_VRPDR          ( 104) : 00000000
rcar_sound ec500000.sound: w dvc[0] - DVC_VRDBR          ( 105) : 00000000
rcar_sound ec500000.sound: w dvc[0] - DVC_VOL0R          (  94) : 00266667
rcar_sound ec500000.sound: w dvc[0] - DVC_VOL1R          (  95) : 00266667
rcar_sound ec500000.sound: w dvc[0] - DVC_VOL2R          (  96) : 00266667
rcar_sound ec500000.sound: w dvc[0] - DVC_VOL3R          (  97) : 00266667
rcar_sound ec500000.sound: w dvc[0] - DVC_VOL4R          (  98) : 00266667
rcar_sound ec500000.sound: w dvc[0] - DVC_VOL5R          (  99) : 00266667
rcar_sound ec500000.sound: w dvc[0] - DVC_VOL6R          ( 100) : 00000000
rcar_sound ec500000.sound: w dvc[0] - DVC_VOL7R          ( 101) : 00000000
rcar_sound ec500000.sound: w dvc[0] - DVC_DVUIR          (  90) : 00000000
rcar_sound ec500000.sound: w dvc[0] - DVC_DVUER          ( 102) : 00000000
rcar_sound ec500000.sound: w dvc[0] - DVC_ZCMCR          (  93) : 00000000
rcar_sound ec500000.sound: w dvc[0] - DVC_VRPDR          ( 104) : 00000000
rcar_sound ec500000.sound: w dvc[0] - DVC_VRDBR          ( 105) : 00000000
rcar_sound ec500000.sound: w dvc[0] - DVC_VOL0R          (  94) : 00266667
rcar_sound ec500000.sound: w dvc[0] - DVC_VOL1R          (  95) : 00266667
rcar_sound ec500000.sound: w dvc[0] - DVC_VOL2R          (  96) : 00266667
rcar_sound ec500000.sound: w dvc[0] - DVC_VOL3R          (  97) : 00266667
rcar_sound ec500000.sound: w dvc[0] - DVC_VOL4R          (  98) : 00266667
rcar_sound ec500000.sound: w dvc[0] - DVC_VOL5R          (  99) : 00266667
rcar_sound ec500000.sound: w dvc[0] - DVC_VOL6R          ( 100) : 00000000
rcar_sound ec500000.sound: w dvc[0] - DVC_VOL7R          ( 101) : 00000000
rcar_sound ec500000.sound: w dvc[0] - DVC_DVUER          ( 102) : 00000001
rcar_sound ec500000.sound: cmd[0]        0x00000010 init
rcar_sound ec500000.sound: w cmd[0] - CMD_ROUTE_SLCT     (  40) : 00030000
rcar_sound ec500000.sound: w cmd[0] - CMD_BUSIF_DALIGN   (  39) : 76543210
rcar_sound ec500000.sound: b adg[0] - CMDOUT_TIMSEL      (  41) : 00000600/0000ffff
rcar_sound ec500000.sound: src[0]        0x00000010 init
rcar_sound ec500000.sound: w src[0] - SRC_SWRSR          (  13) : 00000000
rcar_sound ec500000.sound: w src[0] - SRC_SWRSR          (  13) : 00000001
rcar_sound ec500000.sound: w src[0] - SRC_ROUTE_MODE0    (  12) : 00000000
rcar_sound ec500000.sound: w src[0] - SRC_SRCIR          (  14) : 00000001
rcar_sound ec500000.sound: w src[0] - SRC_ADINR          (  15) : 00080006
rcar_sound ec500000.sound: w src[0] - SRC_IFSCR          (  16) : 00000000
rcar_sound ec500000.sound: w src[0] - SRC_IFSVR          (  17) : 00000000
rcar_sound ec500000.sound: w src[0] - SRC_SRCCR          (  18) : 00011110
rcar_sound ec500000.sound: w src[0] - SRC_BSDSR          (  20) : 01800000
rcar_sound ec500000.sound: w src[0] - SRC_BSISR          (  21) : 00100060
rcar_sound ec500000.sound: w src[0] - SRC_SRCIR          (  14) : 00000000
rcar_sound ec500000.sound: w src[0] - SRC_I_BUSIF_MODE   (  10) : 00000001
rcar_sound ec500000.sound: w src[0] - SRC_O_BUSIF_MODE   (  11) : 00000001
rcar_sound ec500000.sound: w src[0] - SRC_BUSIF_DALIGN   (  23) : 76452301
rcar_sound ec500000.sound: b adg[0] - SRCIN_TIMSEL0      (  24) : 00000600/0000ffff
rcar_sound ec500000.sound: b adg[0] - SRCOUT_TIMSEL0     (  29) : 00000600/0000ffff
rcar_sound ec500000.sound: b src[0] - SCU_SYS_STATUS0    (  34) : 00010001/00010001
rcar_sound ec500000.sound: b src[0] - SCU_SYS_STATUS1    (  35) : 00010001/00010001
rcar_sound ec500000.sound: audmac-pp[0]  0x00000110 start
rcar_sound ec500000.sound: audmac[0]     0x00000110 start
rcar_sound ec500000.sound: ssi[2]        0x00000110 start
rcar_sound ec500000.sound: ssi[1]        0x00000110 start
rcar_sound ec500000.sound: ssi[0]        0x00000110 start
rcar_sound ec500000.sound: ssiu[0]       0x00000110 start
rcar_sound ec500000.sound: w ssiu[0] - SSI_CTRL           (   5) : 00000001
rcar_sound ec500000.sound: w ssiu[0] - SSI_CONTROL        (   4) : 00000001
rcar_sound ec500000.sound: dvc[0]        0x00000110
rcar_sound ec500000.sound: cmd[0]        0x00000110 start
rcar_sound ec500000.sound: w cmd[0] - CMD_CTRL           (  38) : 00000010
rcar_sound ec500000.sound: src[0]        0x00000110 start
rcar_sound ec500000.sound: w src[0] - SRC_CTRL           (  19) : 00000001
rcar_sound ec500000.sound: audmac-pp[0]  0x00000110
rcar_sound ec500000.sound: audmac[0]     0x00000110
rcar_sound ec500000.sound: ssi[2]        0x00000110 irq
rcar_sound ec500000.sound: w ssi[2] - SSI_INT_ENABLE     (   9) : 0e000000
rcar_sound ec500000.sound: ssi[1]        0x00000110 irq
rcar_sound ec500000.sound: w ssi[1] - SSI_INT_ENABLE     (   9) : 0e000000
rcar_sound ec500000.sound: ssi[0]        0x00000110 irq
rcar_sound ec500000.sound: w ssi[0] - SSI_INT_ENABLE     (   9) : 0e000000
rcar_sound ec500000.sound: ssiu[0]       0x00000110
rcar_sound ec500000.sound: dvc[0]        0x00000110
rcar_sound ec500000.sound: cmd[0]        0x00000110
rcar_sound ec500000.sound: src[0]        0x00000110 irq
rcar_sound ec500000.sound: w src[0] - SRC_INT_ENABLE0    (  22) : 00003300
rcar_sound ec500000.sound: b src[0] - SCU_SYS_INT_EN0    (  36) : 00010001/00010001
rcar_sound ec500000.sound: b src[0] - SCU_SYS_INT_EN1    (  37) : 00010001/00010001

stop

rcar_sound ec500000.sound: audmac-pp[0]  0x00000110
rcar_sound ec500000.sound: audmac[0]     0x00000110
rcar_sound ec500000.sound: ssi[2]        0x00000110 irq
rcar_sound ec500000.sound: w ssi[2] - SSI_INT_ENABLE     (   9) : 00000000
rcar_sound ec500000.sound: ssi[1]        0x00000110 irq
rcar_sound ec500000.sound: w ssi[1] - SSI_INT_ENABLE     (   9) : 00000000
rcar_sound ec500000.sound: ssi[0]        0x00000110 irq
rcar_sound ec500000.sound: w ssi[0] - SSI_INT_ENABLE     (   9) : 00000000
rcar_sound ec500000.sound: ssiu[0]       0x00000110
rcar_sound ec500000.sound: dvc[0]        0x00000110
rcar_sound ec500000.sound: cmd[0]        0x00000110
rcar_sound ec500000.sound: src[0]        0x00000110 irq
rcar_sound ec500000.sound: w src[0] - SRC_INT_ENABLE0    (  22) : 00000000
rcar_sound ec500000.sound: b src[0] - SCU_SYS_INT_EN0    (  36) : 00000000/00010001
rcar_sound ec500000.sound: b src[0] - SCU_SYS_INT_EN1    (  37) : 00000000/00010001
rcar_sound ec500000.sound: audmac-pp[0]  0x00000010 stop
rcar_sound ec500000.sound: audmac[0]     0x00000010 stop
rcar_sound ec500000.sound: ssi[2]        0x00000010 stop
rcar_sound ec500000.sound: w ssi[2] - SSICR              ( 113) : 800b1303
rcar_sound ec500000.sound: r ssi[2] - SSISR              ( 114) : 0980aaa0
rcar_sound ec500000.sound: w ssi[2] - SSICR              ( 113) : 800b1302
rcar_sound ec500000.sound: r ssi[2] - SSISR              ( 114) : 0980aab0
(snip)
rcar_sound ec500000.sound: ssi[2] status check failed
rcar_sound ec500000.sound: ssi[1]        0x00000010 stop
rcar_sound ec500000.sound: w ssi[1] - SSICR              ( 113) : 800b1303
rcar_sound ec500000.sound: r ssi[1] - SSISR              ( 114) : 0980ab30
rcar_sound ec500000.sound: w ssi[1] - SSICR              ( 113) : 800b1302
rcar_sound ec500000.sound: r ssi[1] - SSISR              ( 114) : 098abf20
(snip)
rcar_sound ec500000.sound: ssi[1] status check failed
rcar_sound ec500000.sound: ssi[0]        0x00000010 stop
rcar_sound ec500000.sound: w ssi[0] - SSICR              ( 113) : 800bd333
rcar_sound ec500000.sound: r ssi[0] - SSISR              ( 114) : 0980ab30
rcar_sound ec500000.sound: w ssi[0] - SSICR              ( 113) : 800bd332
rcar_sound ec500000.sound: r ssi[0] - SSISR              ( 114) : 0980aaa0
(snip)
rcar_sound ec500000.sound: ssi[0] status check failed
rcar_sound ec500000.sound: ssiu[0]       0x00000010 stop
rcar_sound ec500000.sound: w ssiu[0] - SSI_CTRL           (   5) : 00000000
rcar_sound ec500000.sound: w ssiu[0] - SSI_CONTROL        (   4) : 00000000
rcar_sound ec500000.sound: dvc[0]        0x00000010
rcar_sound ec500000.sound: cmd[0]        0x00000010 stop
rcar_sound ec500000.sound: w cmd[0] - CMD_CTRL           (  38) : 00000000
rcar_sound ec500000.sound: src[0]        0x00000010 stop
rcar_sound ec500000.sound: w src[0] - SRC_CTRL           (  19) : 00000000
rcar_sound ec500000.sound: audmac-pp[0]  0x00000000 quit
rcar_sound ec500000.sound: audmac[0]     0x00000000
rcar_sound ec500000.sound: ssi[2]        0x00000000 quit
rcar_sound ec500000.sound: b adg[0] - AUDIO_CLK_SEL0     ( 110) : 00000000/00ff0000
rcar_sound ec500000.sound: ssi[1]        0x00000000 quit
rcar_sound ec500000.sound: b adg[0] - AUDIO_CLK_SEL0     ( 110) : 00000000/0000ff00
rcar_sound ec500000.sound: ssi[0]        0x00000000 quit
rcar_sound ec500000.sound: b adg[0] - AUDIO_CLK_SEL0     ( 110) : 00000000/000000ff
rcar_sound ec500000.sound: ssiu[0]       0x00000000
rcar_sound ec500000.sound: dvc[0]        0x00000000 quit
rcar_sound ec500000.sound: w dvc[0] - DVC_DVUIR          (  90) : 00000001
rcar_sound ec500000.sound: w dvc[0] - DVC_SWRSR          (  89) : 00000000
rcar_sound ec500000.sound: cmd[0]        0x00000000
rcar_sound ec500000.sound: src[0]        0x00000000 quit
rcar_sound ec500000.sound: w src[0] - SRC_SRCIR          (  14) : 00000001
rcar_sound ec500000.sound: w src[0] - SRC_SWRSR          (  13) : 00000000
