morimoto-linux-sound-scu-v4.6-2016-05-24
lager

boot
dmesg | grep rcar_sound

rcar_sound ec500000.sound: b adg[0] - SSICKR             ( 108) : 00000000/80ff0000
rcar_sound ec500000.sound: w adg[0] - BRRA               ( 106) : 00000002
rcar_sound ec500000.sound: w adg[0] - BRRB               ( 107) : 00000002
rcar_sound ec500000.sound: src[1] is connected to io (Playback)
rcar_sound ec500000.sound: ctu[2] is connected to io (Playback)
rcar_sound ec500000.sound: mix[0] is connected to io (Playback)
rcar_sound ec500000.sound: dvc[0] is connected to io (Playback)
rcar_sound ec500000.sound: ssi[0] is connected to io (Playback)
rcar_sound ec500000.sound: rsnd-dai.0 (play/  --   )
rcar_sound ec500000.sound: src[2] is connected to io (Playback)
rcar_sound ec500000.sound: ctu[3] is connected to io (Playback)
rcar_sound ec500000.sound: mix[0] is connected to io (Playback)
rcar_sound ec500000.sound: dvc[0] is connected to io (Playback)
rcar_sound ec500000.sound: ssi[0] is connected to io (Playback)
rcar_sound ec500000.sound: rsnd-dai.1 (play/  --   )
rcar_sound ec500000.sound: ssi[0]        0x00000000 probe
rcar_sound ec500000.sound: ssiu[0] is connected to io (Playback)
rcar_sound ec500000.sound: audmac-pp[0] is connected to io (Playback)
rcar_sound ec500000.sound: ssiu[0]       0x00000000
rcar_sound ec500000.sound: dvc[0]        0x00000000 probe
rcar_sound ec500000.sound: cmd[0] is connected to io (Playback)
rcar_sound ec500000.sound: mix[0]        0x00000000 probe
rcar_sound ec500000.sound: ctu[2]        0x00000000 probe
rcar_sound ec500000.sound: cmd[0]        0x00000000
rcar_sound ec500000.sound: src[1]        0x00000000 probe
rcar_sound ec500000.sound: audmac[0] is connected to io (Playback)
rcar_sound ec500000.sound: ssi[0]        0x00000000 probe
rcar_sound ec500000.sound: ssiu[0] is connected to io (Playback)
rcar_sound ec500000.sound: audmac-pp[0] is connected to io (Playback)
rcar_sound ec500000.sound: ssiu[0]       0x00000000
rcar_sound ec500000.sound: dvc[0]        0x00000000 probe
rcar_sound ec500000.sound: cmd[0] is connected to io (Playback)
rcar_sound ec500000.sound: mix[0]        0x00000000 probe
rcar_sound ec500000.sound: ctu[3]        0x00000000 probe
rcar_sound ec500000.sound: cmd[0]        0x00000000
rcar_sound ec500000.sound: src[2]        0x00000000 probe
rcar_sound ec500000.sound: audmac[1] is connected to io (Playback)
rcar_sound ec500000.sound: probed
rcar_sound ec500000.sound: audmac-pp[0]  0x00000000
rcar_sound ec500000.sound: audmac[0]     0x00000000
rcar_sound ec500000.sound: ssi[0]        0x00000000 pcm_new
rcar_sound ec500000.sound: ssiu[0]       0x00000000
rcar_sound ec500000.sound: dvc[0]        0x00000000 pcm_new
rcar_sound ec500000.sound: mix[0]        0x00000000
rcar_sound ec500000.sound: ctu[2]        0x00000000 pcm_new
rcar_sound ec500000.sound: cmd[0]        0x00000000
rcar_sound ec500000.sound: src[1]        0x00000000 pcm_new
rcar_sound ec500000.sound: audmac-pp[0]  0x00000000
rcar_sound ec500000.sound: audmac[1]     0x00000000
rcar_sound ec500000.sound: ssi[0]        0x00000000 pcm_new
rcar_sound ec500000.sound: ssiu[0]       0x00000000
rcar_sound ec500000.sound: dvc[0]        0x00000000 pcm_new
rcar_sound ec500000.sound: mix[0]        0x00000000
rcar_sound ec500000.sound: ctu[3]        0x00000000 pcm_new
rcar_sound ec500000.sound: cmd[0]        0x00000000
rcar_sound ec500000.sound: src[2]        0x00000000 pcm_new

amixer set "ak4642 LINEOUT Mixer DACL" on
amixer set "DVC Out",0 50%
aplay -D hw:0,0 /home/Calm_16bit_48k.wav &

rcar_sound ec500000.sound: audmac-pp[0]        0x00000000
rcar_sound ec500000.sound: audmac[0]     0x00000000
rcar_sound ec500000.sound: ssi[0]        0x00000000 hw_params
rcar_sound ec500000.sound: ssiu[0]       0x00000000
rcar_sound ec500000.sound: dvc[0]        0x00000000
rcar_sound ec500000.sound: mix[0]        0x00000000
rcar_sound ec500000.sound: ctu[2]        0x00000000 hw_params
rcar_sound ec500000.sound: cmd[0]        0x00000000
rcar_sound ec500000.sound: src[1]        0x00000000 hw_params
rcar_sound ec500000.sound: audmac-pp[0]  0x00000010
rcar_sound ec500000.sound: audmac[0]     0x00000010
rcar_sound ec500000.sound: ssi[0]        0x00000010 init
rcar_sound ec500000.sound: b adg[0] - AUDIO_CLK_SEL0     ( 110) : 00000001/000000ff
rcar_sound ec500000.sound: w ssi[0] - SSIWSR             ( 117) : 00000100
rcar_sound ec500000.sound: w ssi[0] - SSICR              ( 113) : 9c0bd322
rcar_sound ec500000.sound: w ssi[0] - SSISR              ( 114) : 00000000
rcar_sound ec500000.sound: ssiu[0]       0x00000010 init
rcar_sound ec500000.sound: b ssiu[0] - SSI_MODE0          (   1) : 00000000/00000001
rcar_sound ec500000.sound: b ssiu[0] - SSI_MODE1          (   2) : 00000000/00100010
rcar_sound ec500000.sound: b ssiu[0] - SSI_MODE2          (   3) : 00000000/00000010
rcar_sound ec500000.sound: w ssiu[0] - SSI_BUSIF_ADINR    (   7) : 00080002
rcar_sound ec500000.sound: w ssiu[0] - SSI_BUSIF_MODE     (   6) : 00000001
rcar_sound ec500000.sound: w ssiu[0] - SSI_BUSIF_DALIGN   (   8) : 76543210
rcar_sound ec500000.sound: dvc[0]        0x00000010 init
rcar_sound ec500000.sound: w dvc[0] - DVC_SWRSR          (  89) : 00000000
rcar_sound ec500000.sound: w dvc[0] - DVC_SWRSR          (  89) : 00000001
rcar_sound ec500000.sound: w dvc[0] - DVC_DVUIR          (  90) : 00000001
rcar_sound ec500000.sound: w dvc[0] - DVC_ADINR          (  91) : 00080002
rcar_sound ec500000.sound: w dvc[0] - DVC_DVUCR          (  92) : 00000101
rcar_sound ec500000.sound: w dvc[0] - DVC_VRCTR          ( 103) : 00000000
rcar_sound ec500000.sound: w dvc[0] - DVC_VRPDR          ( 104) : 00000000
rcar_sound ec500000.sound: w dvc[0] - DVC_VRDBR          ( 105) : 00000000
rcar_sound ec500000.sound: w dvc[0] - DVC_VOL0R          (  94) : 00400000
rcar_sound ec500000.sound: w dvc[0] - DVC_VOL1R          (  95) : 00400000
rcar_sound ec500000.sound: w dvc[0] - DVC_VOL2R          (  96) : 00000000
rcar_sound ec500000.sound: w dvc[0] - DVC_VOL3R          (  97) : 00000000
rcar_sound ec500000.sound: w dvc[0] - DVC_VOL4R          (  98) : 00000000
rcar_sound ec500000.sound: w dvc[0] - DVC_VOL5R          (  99) : 00000000
rcar_sound ec500000.sound: w dvc[0] - DVC_VOL6R          ( 100) : 00000000
rcar_sound ec500000.sound: w dvc[0] - DVC_VOL7R          ( 101) : 00000000
rcar_sound ec500000.sound: w dvc[0] - DVC_DVUIR          (  90) : 00000000
rcar_sound ec500000.sound: w dvc[0] - DVC_DVUER          ( 102) : 00000000
rcar_sound ec500000.sound: w dvc[0] - DVC_ZCMCR          (  93) : 00000000
rcar_sound ec500000.sound: w dvc[0] - DVC_VRPDR          ( 104) : 00000000
rcar_sound ec500000.sound: w dvc[0] - DVC_VRDBR          ( 105) : 00000000
rcar_sound ec500000.sound: w dvc[0] - DVC_VOL0R          (  94) : 00400000
rcar_sound ec500000.sound: w dvc[0] - DVC_VOL1R          (  95) : 00400000
rcar_sound ec500000.sound: w dvc[0] - DVC_VOL2R          (  96) : 00000000
rcar_sound ec500000.sound: w dvc[0] - DVC_VOL3R          (  97) : 00000000
rcar_sound ec500000.sound: w dvc[0] - DVC_VOL4R          (  98) : 00000000
rcar_sound ec500000.sound: w dvc[0] - DVC_VOL5R          (  99) : 00000000
rcar_sound ec500000.sound: w dvc[0] - DVC_VOL6R          ( 100) : 00000000
rcar_sound ec500000.sound: w dvc[0] - DVC_VOL7R          ( 101) : 00000000
rcar_sound ec500000.sound: w dvc[0] - DVC_DVUER          ( 102) : 00000001
rcar_sound ec500000.sound: mix[0]        0x00000010 init
rcar_sound ec500000.sound: w mix[0] - MIX_SWRSR          (  79) : 00000000
rcar_sound ec500000.sound: w mix[0] - MIX_SWRSR          (  79) : 00000001
rcar_sound ec500000.sound: w mix[0] - MIX_MIXIR          (  80) : 00000001
rcar_sound ec500000.sound: w mix[0] - MIX_ADINR          (  81) : 00000002
rcar_sound ec500000.sound: w mix[0] - MIX_MIXMR          (  82) : 00000000
rcar_sound ec500000.sound: w mix[0] - MIX_MVPDR          (  83) : 00000000
rcar_sound ec500000.sound: w mix[0] - MIX_MDBAR          (  84) : 00000000
rcar_sound ec500000.sound: w mix[0] - MIX_MDBBR          (  85) : 00000000
rcar_sound ec500000.sound: w mix[0] - MIX_MDBCR          (  86) : 00000000
rcar_sound ec500000.sound: w mix[0] - MIX_MDBDR          (  87) : 00000000
rcar_sound ec500000.sound: w mix[0] - MIX_MIXIR          (  80) : 00000000
rcar_sound ec500000.sound: w mix[0] - MIX_MDBER          (  88) : 00000000
rcar_sound ec500000.sound: w mix[0] - MIX_MDBAR          (  84) : 00000000
rcar_sound ec500000.sound: w mix[0] - MIX_MDBBR          (  85) : 00000000
rcar_sound ec500000.sound: w mix[0] - MIX_MDBCR          (  86) : 00000000
rcar_sound ec500000.sound: w mix[0] - MIX_MDBDR          (  87) : 00000000
rcar_sound ec500000.sound: w mix[0] - MIX_MDBER          (  88) : 00000001
rcar_sound ec500000.sound: ctu[2]        0x00000010 init
rcar_sound ec500000.sound: w ctu[2] - CTU_SWRSR          (  42) : 00000000
rcar_sound ec500000.sound: w ctu[2] - CTU_SWRSR          (  42) : 00000001
rcar_sound ec500000.sound: w ctu[2] - CTU_CTUIR          (  43) : 00000001
rcar_sound ec500000.sound: w ctu[2] - CTU_ADINR          (  44) : 00000002
rcar_sound ec500000.sound: w ctu[2] - CTU_CPMDR          (  45) : 00000000
rcar_sound ec500000.sound: w ctu[2] - CTU_SCMDR          (  46) : 00000000
rcar_sound ec500000.sound: w ctu[2] - CTU_CTUIR          (  43) : 00000000
rcar_sound ec500000.sound: cmd[0]        0x00000010 init
rcar_sound ec500000.sound: w cmd[0] - CMD_ROUTE_SLCT     (  40) : 00000001
rcar_sound ec500000.sound: w cmd[0] - CMD_BUSIF_DALIGN   (  39) : 76543210
rcar_sound ec500000.sound: b adg[0] - CMDOUT_TIMSEL      (  41) : 00000600/0000ffff
rcar_sound ec500000.sound: src[1]        0x00000010 init
rcar_sound ec500000.sound: w src[1] - SRC_SWRSR          (  13) : 00000000
rcar_sound ec500000.sound: w src[1] - SRC_SWRSR          (  13) : 00000001
rcar_sound ec500000.sound: w src[1] - SRC_ROUTE_MODE0    (  12) : 00000000
rcar_sound ec500000.sound: w src[1] - SRC_SRCIR          (  14) : 00000001
rcar_sound ec500000.sound: w src[1] - SRC_ADINR          (  15) : 00080002
rcar_sound ec500000.sound: w src[1] - SRC_IFSCR          (  16) : 00000000
rcar_sound ec500000.sound: w src[1] - SRC_IFSVR          (  17) : 00000000
rcar_sound ec500000.sound: w src[1] - SRC_SRCCR          (  18) : 00011110
rcar_sound ec500000.sound: w src[1] - SRC_BSDSR          (  20) : 01800000
rcar_sound ec500000.sound: w src[1] - SRC_BSISR          (  21) : 00100060
rcar_sound ec500000.sound: w src[1] - SRC_SRCIR          (  14) : 00000000
rcar_sound ec500000.sound: w src[1] - SRC_I_BUSIF_MODE   (  10) : 00000001
rcar_sound ec500000.sound: w src[1] - SRC_O_BUSIF_MODE   (  11) : 00000001
rcar_sound ec500000.sound: w src[1] - SRC_BUSIF_DALIGN   (  23) : 76543201
rcar_sound ec500000.sound: b adg[0] - SRCIN_TIMSEL0      (  24) : 06000000/ffff0000
rcar_sound ec500000.sound: b adg[0] - SRCOUT_TIMSEL0     (  29) : 06000000/ffff0000
rcar_sound ec500000.sound: b src[1] - SCU_SYS_STATUS0    (  34) : 00020002/00020002
rcar_sound ec500000.sound: b src[1] - SCU_SYS_STATUS1    (  35) : 00020002/00020002
rcar_sound ec500000.sound: audmac-pp[0]  0x00000110 start
rcar_sound ec500000.sound: audmac[0]     0x00000110 start
rcar_sound ec500000.sound: ssi[0]        0x00000110 start
rcar_sound ec500000.sound: b ssi[0] - SSICR              ( 113) : 00000001/00000001
rcar_sound ec500000.sound: ssiu[0]       0x00000110 start
rcar_sound ec500000.sound: w ssiu[0] - SSI_CTRL           (   5) : 00000001
rcar_sound ec500000.sound: dvc[0]        0x00000110
rcar_sound ec500000.sound: mix[0]        0x00000110
rcar_sound ec500000.sound: ctu[2]        0x00000110
rcar_sound ec500000.sound: cmd[0]        0x00000110 start
rcar_sound ec500000.sound: w cmd[0] - CMD_CTRL           (  38) : 00000010
rcar_sound ec500000.sound: src[1]        0x00000110 start
rcar_sound ec500000.sound: w src[1] - SRC_CTRL           (  19) : 00000001
rcar_sound ec500000.sound: audmac-pp[0]  0x00000110
rcar_sound ec500000.sound: audmac[0]     0x00000110
rcar_sound ec500000.sound: ssi[0]        0x00000110 irq
rcar_sound ec500000.sound: w ssi[0] - SSI_INT_ENABLE     (   9) : 0e000000
rcar_sound ec500000.sound: ssiu[0]       0x00000110
rcar_sound ec500000.sound: dvc[0]        0x00000110
rcar_sound ec500000.sound: mix[0]        0x00000110
rcar_sound ec500000.sound: ctu[2]        0x00000110
rcar_sound ec500000.sound: cmd[0]        0x00000110
rcar_sound ec500000.sound: src[1]        0x00000110 irq
rcar_sound ec500000.sound: w src[1] - SRC_INT_ENABLE0    (  22) : 00003300
rcar_sound ec500000.sound: b src[1] - SCU_SYS_INT_EN0    (  36) : 00020002/00020002
rcar_sound ec500000.sound: b src[1] - SCU_SYS_INT_EN1    (  37) : 00020002/00020002

amixer set "DVC Out",1 50%
aplay -D hw:0,1 /home/Calm_16bit_48k.wav &

rcar_sound ec500000.sound: audmac-pp[0]  0x00000110
rcar_sound ec500000.sound: audmac[1]     0x00000000
rcar_sound ec500000.sound: ssi[0]        0x00000110 hw_params
rcar_sound ec500000.sound: ssiu[0]       0x00000110
rcar_sound ec500000.sound: dvc[0]        0x00000110
rcar_sound ec500000.sound: mix[0]        0x00000110
rcar_sound ec500000.sound: ctu[3]        0x00000000 hw_params
rcar_sound ec500000.sound: cmd[0]        0x00000110
rcar_sound ec500000.sound: src[2]        0x00000000 hw_params
rcar_sound ec500000.sound: audmac-pp[0]  0x00000120
rcar_sound ec500000.sound: audmac[1]     0x00000010
rcar_sound ec500000.sound: ssi[0]        0x00000120
rcar_sound ec500000.sound: ssiu[0]       0x00000120
rcar_sound ec500000.sound: dvc[0]        0x00000120
rcar_sound ec500000.sound: mix[0]        0x00000120
rcar_sound ec500000.sound: ctu[3]        0x00000010 init
rcar_sound ec500000.sound: w ctu[3] - CTU_SWRSR          (  42) : 00000000
rcar_sound ec500000.sound: w ctu[3] - CTU_SWRSR          (  42) : 00000001
rcar_sound ec500000.sound: w ctu[3] - CTU_CTUIR          (  43) : 00000001
rcar_sound ec500000.sound: w ctu[3] - CTU_ADINR          (  44) : 00000002
rcar_sound ec500000.sound: w ctu[3] - CTU_CPMDR          (  45) : 00000000
rcar_sound ec500000.sound: w ctu[3] - CTU_SCMDR          (  46) : 00000000
rcar_sound ec500000.sound: w ctu[3] - CTU_CTUIR          (  43) : 00000000
rcar_sound ec500000.sound: cmd[0]        0x00000120
rcar_sound ec500000.sound: src[2]        0x00000010 init
rcar_sound ec500000.sound: w src[2] - SRC_SWRSR          (  13) : 00000000
rcar_sound ec500000.sound: w src[2] - SRC_SWRSR          (  13) : 00000001
rcar_sound ec500000.sound: w src[2] - SRC_ROUTE_MODE0    (  12) : 00000000
rcar_sound ec500000.sound: w src[2] - SRC_SRCIR          (  14) : 00000001
rcar_sound ec500000.sound: w src[2] - SRC_ADINR          (  15) : 00080002
rcar_sound ec500000.sound: w src[2] - SRC_IFSCR          (  16) : 00000000
rcar_sound ec500000.sound: w src[2] - SRC_IFSVR          (  17) : 00000000
rcar_sound ec500000.sound: w src[2] - SRC_SRCCR          (  18) : 00011110
rcar_sound ec500000.sound: w src[2] - SRC_BSDSR          (  20) : 01800000
rcar_sound ec500000.sound: w src[2] - SRC_BSISR          (  21) : 00100060
rcar_sound ec500000.sound: w src[2] - SRC_SRCIR          (  14) : 00000000
rcar_sound ec500000.sound: w src[2] - SRC_I_BUSIF_MODE   (  10) : 00000001
rcar_sound ec500000.sound: w src[2] - SRC_O_BUSIF_MODE   (  11) : 00000001
rcar_sound ec500000.sound: w src[2] - SRC_BUSIF_DALIGN   (  23) : 76543201
rcar_sound ec500000.sound: b adg[0] - SRCIN_TIMSEL1      (  25) : 00000600/0000ffff
rcar_sound ec500000.sound: b adg[0] - SRCOUT_TIMSEL1     (  30) : 00000600/0000ffff
rcar_sound ec500000.sound: b src[2] - SCU_SYS_STATUS0    (  34) : 00040004/00040004
rcar_sound ec500000.sound: b src[2] - SCU_SYS_STATUS1    (  35) : 00040004/00040004
rcar_sound ec500000.sound: audmac-pp[0]  0x00000220
rcar_sound ec500000.sound: audmac[1]     0x00000110 start
rcar_sound ec500000.sound: ssi[0]        0x00000220
rcar_sound ec500000.sound: ssiu[0]       0x00000220
rcar_sound ec500000.sound: dvc[0]        0x00000220
rcar_sound ec500000.sound: mix[0]        0x00000220
rcar_sound ec500000.sound: ctu[3]        0x00000110
rcar_sound ec500000.sound: cmd[0]        0x00000220
rcar_sound ec500000.sound: src[2]        0x00000110 start
rcar_sound ec500000.sound: w src[2] - SRC_CTRL           (  19) : 00000001
rcar_sound ec500000.sound: audmac-pp[0]  0x00000220
rcar_sound ec500000.sound: audmac[1]     0x00000110
rcar_sound ec500000.sound: ssi[0]        0x00000220 irq
rcar_sound ec500000.sound: w ssi[0] - SSI_INT_ENABLE     (   9) : 0e000000
rcar_sound ec500000.sound: ssiu[0]       0x00000220
rcar_sound ec500000.sound: dvc[0]        0x00000220
rcar_sound ec500000.sound: mix[0]        0x00000220
rcar_sound ec500000.sound: ctu[3]        0x00000110
rcar_sound ec500000.sound: cmd[0]        0x00000220
rcar_sound ec500000.sound: src[2]        0x00000110 irq
rcar_sound ec500000.sound: w src[2] - SRC_INT_ENABLE0    (  22) : 00003300
rcar_sound ec500000.sound: b src[2] - SCU_SYS_INT_EN0    (  36) : 00040004/00040004
rcar_sound ec500000.sound: b src[2] - SCU_SYS_INT_EN1    (  37) : 00040004/00040004

stop 2nd play

rcar_sound ec500000.sound: audmac-pp[0]  0x00000220
rcar_sound ec500000.sound: audmac[1]     0x00000110
rcar_sound ec500000.sound: ssi[0]        0x00000220 irq
rcar_sound ec500000.sound: w ssi[0] - SSI_INT_ENABLE     (   9) : 00000000
rcar_sound ec500000.sound: ssiu[0]       0x00000220
rcar_sound ec500000.sound: dvc[0]        0x00000220
rcar_sound ec500000.sound: mix[0]        0x00000220
rcar_sound ec500000.sound: ctu[3]        0x00000110
rcar_sound ec500000.sound: cmd[0]        0x00000220
rcar_sound ec500000.sound: src[2]        0x00000110 irq
rcar_sound ec500000.sound: w src[2] - SRC_INT_ENABLE0    (  22) : 00000000
rcar_sound ec500000.sound: b src[2] - SCU_SYS_INT_EN0    (  36) : 00000000/00040004
rcar_sound ec500000.sound: b src[2] - SCU_SYS_INT_EN1    (  37) : 00000000/00040004
rcar_sound ec500000.sound: audmac-pp[0]  0x00000120
rcar_sound ec500000.sound: audmac[1]     0x00000010 stop
rcar_sound ec500000.sound: ssi[0]        0x00000120
rcar_sound ec500000.sound: ssiu[0]       0x00000120
rcar_sound ec500000.sound: dvc[0]        0x00000120
rcar_sound ec500000.sound: mix[0]        0x00000120
rcar_sound ec500000.sound: ctu[3]        0x00000010
rcar_sound ec500000.sound: cmd[0]        0x00000120
rcar_sound ec500000.sound: src[2]        0x00000010 stop
rcar_sound ec500000.sound: w src[2] - SRC_CTRL           (  19) : 00000000
rcar_sound ec500000.sound: audmac-pp[0]  0x00000110
rcar_sound ec500000.sound: audmac[1]     0x00000000
rcar_sound ec500000.sound: ssi[0]        0x00000110
rcar_sound ec500000.sound: ssiu[0]       0x00000110
rcar_sound ec500000.sound: dvc[0]        0x00000110
rcar_sound ec500000.sound: mix[0]        0x00000110
rcar_sound ec500000.sound: ctu[3]        0x00000000 quit
rcar_sound ec500000.sound: w ctu[3] - CTU_CTUIR          (  43) : 00000001
rcar_sound ec500000.sound: w ctu[3] - CTU_SWRSR          (  42) : 00000000
rcar_sound ec500000.sound: cmd[0]        0x00000110
rcar_sound ec500000.sound: src[2]        0x00000000 quit
rcar_sound ec500000.sound: w src[2] - SRC_SRCIR          (  14) : 00000001
rcar_sound ec500000.sound: w src[2] - SRC_SWRSR          (  13) : 00000000

stop 1st play

rcar_sound ec500000.sound: audmac-pp[0]  0x00000110
rcar_sound ec500000.sound: audmac[0]     0x00000110
rcar_sound ec500000.sound: ssi[0]        0x00000110 irq
rcar_sound ec500000.sound: w ssi[0] - SSI_INT_ENABLE     (   9) : 00000000
rcar_sound ec500000.sound: ssiu[0]       0x00000110
rcar_sound ec500000.sound: dvc[0]        0x00000110
rcar_sound ec500000.sound: mix[0]        0x00000110
rcar_sound ec500000.sound: ctu[2]        0x00000110
rcar_sound ec500000.sound: cmd[0]        0x00000110
rcar_sound ec500000.sound: src[1]        0x00000110 irq
rcar_sound ec500000.sound: w src[1] - SRC_INT_ENABLE0    (  22) : 00000000
rcar_sound ec500000.sound: b src[1] - SCU_SYS_INT_EN0    (  36) : 00000000/00020002
rcar_sound ec500000.sound: b src[1] - SCU_SYS_INT_EN1    (  37) : 00000000/00020002
rcar_sound ec500000.sound: audmac-pp[0]  0x00000010 stop
rcar_sound ec500000.sound: audmac[0]     0x00000010 stop
rcar_sound ec500000.sound: ssi[0]        0x00000010 stop
rcar_sound ec500000.sound: w ssi[0] - SSICR              ( 113) : 800bd323
rcar_sound ec500000.sound: r ssi[0] - SSISR              ( 114) : 0900ab20
rcar_sound ec500000.sound: w ssi[0] - SSICR              ( 113) : 800bd322
rcar_sound ec500000.sound: r ssi[0] - SSISR              ( 114) : 0a10a001
rcar_sound ec500000.sound: ssiu[0]       0x00000010 stop
rcar_sound ec500000.sound: w ssiu[0] - SSI_CTRL           (   5) : 00000000
rcar_sound ec500000.sound: dvc[0]        0x00000010
rcar_sound ec500000.sound: mix[0]        0x00000010
rcar_sound ec500000.sound: ctu[2]        0x00000010
rcar_sound ec500000.sound: cmd[0]        0x00000010 stop
rcar_sound ec500000.sound: w cmd[0] - CMD_CTRL           (  38) : 00000000
rcar_sound ec500000.sound: src[1]        0x00000010 stop
rcar_sound ec500000.sound: w src[1] - SRC_CTRL           (  19) : 00000000
rcar_sound ec500000.sound: audmac-pp[0]  0x00000000 quit
rcar_sound ec500000.sound: audmac[0]     0x00000000
rcar_sound ec500000.sound: ssi[0]        0x00000000 quit
rcar_sound ec500000.sound: b adg[0] - AUDIO_CLK_SEL0     ( 110) : 00000000/000000ff
rcar_sound ec500000.sound: ssiu[0]       0x00000000
rcar_sound ec500000.sound: dvc[0]        0x00000000 quit
rcar_sound ec500000.sound: w dvc[0] - DVC_DVUIR          (  90) : 00000001
rcar_sound ec500000.sound: w dvc[0] - DVC_SWRSR          (  89) : 00000000
rcar_sound ec500000.sound: mix[0]        0x00000000 quit
rcar_sound ec500000.sound: w mix[0] - MIX_MIXIR          (  80) : 00000001
rcar_sound ec500000.sound: w mix[0] - MIX_SWRSR          (  79) : 00000000
rcar_sound ec500000.sound: ctu[2]        0x00000000 quit
rcar_sound ec500000.sound: w ctu[2] - CTU_CTUIR          (  43) : 00000001
rcar_sound ec500000.sound: w ctu[2] - CTU_SWRSR          (  42) : 00000000
rcar_sound ec500000.sound: cmd[0]        0x00000000
rcar_sound ec500000.sound: src[1]        0x00000000 quit
rcar_sound ec500000.sound: w src[1] - SRC_SRCIR          (  14) : 00000001
rcar_sound ec500000.sound: w src[1] - SRC_SWRSR          (  13) : 00000000

CTU L <-> R invert
 amixer set "CTU Reset" on
 amixer set "CTU Pass" 9,10
 amixer set "CTU SV0" 0,4194304
 amixer set "CTU SV1" 4194304,0

aplay /home/Calm_16bit_48k.wav

rcar_sound ec500000.sound: audmac-pp[0]  0x00000000
rcar_sound ec500000.sound: audmac[0]     0x00000000
rcar_sound ec500000.sound: ssi[0]        0x00000000 hw_params
rcar_sound ec500000.sound: ssiu[0]       0x00000000
rcar_sound ec500000.sound: dvc[0]        0x00000000
rcar_sound ec500000.sound: mix[0]        0x00000000
rcar_sound ec500000.sound: ctu[2]        0x00000000 hw_params
rcar_sound ec500000.sound: cmd[0]        0x00000000
rcar_sound ec500000.sound: src[1]        0x00000000 hw_params
rcar_sound ec500000.sound: audmac-pp[0]  0x00000010
rcar_sound ec500000.sound: audmac[0]     0x00000010
rcar_sound ec500000.sound: ssi[0]        0x00000010 init
rcar_sound ec500000.sound: b adg[0] - AUDIO_CLK_SEL0     ( 110) : 00000001/000000ff
rcar_sound ec500000.sound: w ssi[0] - SSIWSR             ( 117) : 00000100
rcar_sound ec500000.sound: w ssi[0] - SSICR              ( 113) : 9c0bd322
rcar_sound ec500000.sound: w ssi[0] - SSISR              ( 114) : 00000000
rcar_sound ec500000.sound: ssiu[0]       0x00000010 init
rcar_sound ec500000.sound: b ssiu[0] - SSI_MODE0          (   1) : 00000000/00000001
rcar_sound ec500000.sound: b ssiu[0] - SSI_MODE1          (   2) : 00000000/00100010
rcar_sound ec500000.sound: b ssiu[0] - SSI_MODE2          (   3) : 00000000/00000010
rcar_sound ec500000.sound: w ssiu[0] - SSI_BUSIF_ADINR    (   7) : 00080002
rcar_sound ec500000.sound: w ssiu[0] - SSI_BUSIF_MODE     (   6) : 00000001
rcar_sound ec500000.sound: w ssiu[0] - SSI_BUSIF_DALIGN   (   8) : 76543210
rcar_sound ec500000.sound: dvc[0]        0x00000010 init
rcar_sound ec500000.sound: w dvc[0] - DVC_SWRSR          (  89) : 00000000
rcar_sound ec500000.sound: w dvc[0] - DVC_SWRSR          (  89) : 00000001
rcar_sound ec500000.sound: w dvc[0] - DVC_DVUIR          (  90) : 00000001
rcar_sound ec500000.sound: w dvc[0] - DVC_ADINR          (  91) : 00080002
rcar_sound ec500000.sound: w dvc[0] - DVC_DVUCR          (  92) : 00000101
rcar_sound ec500000.sound: w dvc[0] - DVC_VRCTR          ( 103) : 00000000
rcar_sound ec500000.sound: w dvc[0] - DVC_VRPDR          ( 104) : 00000000
rcar_sound ec500000.sound: w dvc[0] - DVC_VRDBR          ( 105) : 00000000
rcar_sound ec500000.sound: w dvc[0] - DVC_VOL0R          (  94) : 00400000
rcar_sound ec500000.sound: w dvc[0] - DVC_VOL1R          (  95) : 00400000
rcar_sound ec500000.sound: w dvc[0] - DVC_VOL2R          (  96) : 00000000
rcar_sound ec500000.sound: w dvc[0] - DVC_VOL3R          (  97) : 00000000
rcar_sound ec500000.sound: w dvc[0] - DVC_VOL4R          (  98) : 00000000
rcar_sound ec500000.sound: w dvc[0] - DVC_VOL5R          (  99) : 00000000
rcar_sound ec500000.sound: w dvc[0] - DVC_VOL6R          ( 100) : 00000000
rcar_sound ec500000.sound: w dvc[0] - DVC_VOL7R          ( 101) : 00000000
rcar_sound ec500000.sound: w dvc[0] - DVC_DVUIR          (  90) : 00000000
rcar_sound ec500000.sound: w dvc[0] - DVC_DVUER          ( 102) : 00000000
rcar_sound ec500000.sound: w dvc[0] - DVC_ZCMCR          (  93) : 00000000
rcar_sound ec500000.sound: w dvc[0] - DVC_VRPDR          ( 104) : 00000000
rcar_sound ec500000.sound: w dvc[0] - DVC_VRDBR          ( 105) : 00000000
rcar_sound ec500000.sound: w dvc[0] - DVC_VOL0R          (  94) : 00400000
rcar_sound ec500000.sound: w dvc[0] - DVC_VOL1R          (  95) : 00400000
rcar_sound ec500000.sound: w dvc[0] - DVC_VOL2R          (  96) : 00000000
rcar_sound ec500000.sound: w dvc[0] - DVC_VOL3R          (  97) : 00000000
rcar_sound ec500000.sound: w dvc[0] - DVC_VOL4R          (  98) : 00000000
rcar_sound ec500000.sound: w dvc[0] - DVC_VOL5R          (  99) : 00000000
rcar_sound ec500000.sound: w dvc[0] - DVC_VOL6R          ( 100) : 00000000
rcar_sound ec500000.sound: w dvc[0] - DVC_VOL7R          ( 101) : 00000000
rcar_sound ec500000.sound: w dvc[0] - DVC_DVUER          ( 102) : 00000001
rcar_sound ec500000.sound: mix[0]        0x00000010 init
rcar_sound ec500000.sound: w mix[0] - MIX_SWRSR          (  79) : 00000000
rcar_sound ec500000.sound: w mix[0] - MIX_SWRSR          (  79) : 00000001
rcar_sound ec500000.sound: w mix[0] - MIX_MIXIR          (  80) : 00000001
rcar_sound ec500000.sound: w mix[0] - MIX_ADINR          (  81) : 00000002
rcar_sound ec500000.sound: w mix[0] - MIX_MIXMR          (  82) : 00000000
rcar_sound ec500000.sound: w mix[0] - MIX_MVPDR          (  83) : 00000000
rcar_sound ec500000.sound: w mix[0] - MIX_MDBAR          (  84) : 00000000
rcar_sound ec500000.sound: w mix[0] - MIX_MDBBR          (  85) : 00000000
rcar_sound ec500000.sound: w mix[0] - MIX_MDBCR          (  86) : 00000000
rcar_sound ec500000.sound: w mix[0] - MIX_MDBDR          (  87) : 00000000
rcar_sound ec500000.sound: w mix[0] - MIX_MIXIR          (  80) : 00000000
rcar_sound ec500000.sound: w mix[0] - MIX_MDBER          (  88) : 00000000
rcar_sound ec500000.sound: w mix[0] - MIX_MDBAR          (  84) : 00000000
rcar_sound ec500000.sound: w mix[0] - MIX_MDBBR          (  85) : 00000000
rcar_sound ec500000.sound: w mix[0] - MIX_MDBCR          (  86) : 00000000
rcar_sound ec500000.sound: w mix[0] - MIX_MDBDR          (  87) : 00000000
rcar_sound ec500000.sound: w mix[0] - MIX_MDBER          (  88) : 00000001
rcar_sound ec500000.sound: ctu[2]        0x00000010 init
rcar_sound ec500000.sound: w ctu[2] - CTU_SWRSR          (  42) : 00000000
rcar_sound ec500000.sound: w ctu[2] - CTU_SWRSR          (  42) : 00000001
rcar_sound ec500000.sound: w ctu[2] - CTU_CTUIR          (  43) : 00000001
rcar_sound ec500000.sound: w ctu[2] - CTU_ADINR          (  44) : 00000002
rcar_sound ec500000.sound: w ctu[2] - CTU_CPMDR          (  45) : 9a000000
rcar_sound ec500000.sound: w ctu[2] - CTU_SCMDR          (  46) : 00000002
rcar_sound ec500000.sound: w ctu[2] - CTU_SV00R          (  47) : 00000000
rcar_sound ec500000.sound: w ctu[2] - CTU_SV01R          (  48) : 00400000
rcar_sound ec500000.sound: w ctu[2] - CTU_SV02R          (  49) : 00000000
rcar_sound ec500000.sound: w ctu[2] - CTU_SV03R          (  50) : 00000000
rcar_sound ec500000.sound: w ctu[2] - CTU_SV04R          (  51) : 00000000
rcar_sound ec500000.sound: w ctu[2] - CTU_SV05R          (  52) : 00000000
rcar_sound ec500000.sound: w ctu[2] - CTU_SV06R          (  53) : 00000000
rcar_sound ec500000.sound: w ctu[2] - CTU_SV07R          (  54) : 00000000
rcar_sound ec500000.sound: w ctu[2] - CTU_SV10R          (  55) : 00400000
rcar_sound ec500000.sound: w ctu[2] - CTU_SV11R          (  56) : 00000000
rcar_sound ec500000.sound: w ctu[2] - CTU_SV12R          (  57) : 00000000
rcar_sound ec500000.sound: w ctu[2] - CTU_SV13R          (  58) : 00000000
rcar_sound ec500000.sound: w ctu[2] - CTU_SV14R          (  59) : 00000000
rcar_sound ec500000.sound: w ctu[2] - CTU_SV15R          (  60) : 00000000
rcar_sound ec500000.sound: w ctu[2] - CTU_SV16R          (  61) : 00000000
rcar_sound ec500000.sound: w ctu[2] - CTU_SV17R          (  62) : 00000000
rcar_sound ec500000.sound: w ctu[2] - CTU_CTUIR          (  43) : 00000000
rcar_sound ec500000.sound: cmd[0]        0x00000010 init
rcar_sound ec500000.sound: w cmd[0] - CMD_ROUTE_SLCT     (  40) : 00000001
rcar_sound ec500000.sound: w cmd[0] - CMD_BUSIF_DALIGN   (  39) : 76543210
rcar_sound ec500000.sound: b adg[0] - CMDOUT_TIMSEL      (  41) : 00000600/0000ffff
rcar_sound ec500000.sound: src[1]        0x00000010 init
rcar_sound ec500000.sound: w src[1] - SRC_SWRSR          (  13) : 00000000
rcar_sound ec500000.sound: w src[1] - SRC_SWRSR          (  13) : 00000001
rcar_sound ec500000.sound: w src[1] - SRC_ROUTE_MODE0    (  12) : 00000000
rcar_sound ec500000.sound: w src[1] - SRC_SRCIR          (  14) : 00000001
rcar_sound ec500000.sound: w src[1] - SRC_ADINR          (  15) : 00080002
rcar_sound ec500000.sound: w src[1] - SRC_IFSCR          (  16) : 00000000
rcar_sound ec500000.sound: w src[1] - SRC_IFSVR          (  17) : 00000000
rcar_sound ec500000.sound: w src[1] - SRC_SRCCR          (  18) : 00011110
rcar_sound ec500000.sound: w src[1] - SRC_BSDSR          (  20) : 01800000
rcar_sound ec500000.sound: w src[1] - SRC_BSISR          (  21) : 00100060
rcar_sound ec500000.sound: w src[1] - SRC_SRCIR          (  14) : 00000000
rcar_sound ec500000.sound: w src[1] - SRC_I_BUSIF_MODE   (  10) : 00000001
rcar_sound ec500000.sound: w src[1] - SRC_O_BUSIF_MODE   (  11) : 00000001
rcar_sound ec500000.sound: w src[1] - SRC_BUSIF_DALIGN   (  23) : 76543201
rcar_sound ec500000.sound: b adg[0] - SRCIN_TIMSEL0      (  24) : 06000000/ffff0000
rcar_sound ec500000.sound: b adg[0] - SRCOUT_TIMSEL0     (  29) : 06000000/ffff0000
rcar_sound ec500000.sound: b src[1] - SCU_SYS_STATUS0    (  34) : 00020002/00020002
rcar_sound ec500000.sound: b src[1] - SCU_SYS_STATUS1    (  35) : 00020002/00020002
rcar_sound ec500000.sound: audmac-pp[0]  0x00000110 start
rcar_sound ec500000.sound: audmac[0]     0x00000110 start
rcar_sound ec500000.sound: ssi[0]        0x00000110 start
rcar_sound ec500000.sound: b ssi[0] - SSICR              ( 113) : 00000001/00000001
rcar_sound ec500000.sound: ssiu[0]       0x00000110 start
rcar_sound ec500000.sound: w ssiu[0] - SSI_CTRL           (   5) : 00000001
rcar_sound ec500000.sound: dvc[0]        0x00000110
rcar_sound ec500000.sound: mix[0]        0x00000110
rcar_sound ec500000.sound: ctu[2]        0x00000110
rcar_sound ec500000.sound: cmd[0]        0x00000110 start
rcar_sound ec500000.sound: w cmd[0] - CMD_CTRL           (  38) : 00000010
rcar_sound ec500000.sound: src[1]        0x00000110 start
rcar_sound ec500000.sound: w src[1] - SRC_CTRL           (  19) : 00000001
rcar_sound ec500000.sound: audmac-pp[0]  0x00000110
rcar_sound ec500000.sound: audmac[0]     0x00000110
rcar_sound ec500000.sound: ssi[0]        0x00000110 irq
rcar_sound ec500000.sound: w ssi[0] - SSI_INT_ENABLE     (   9) : 0e000000
rcar_sound ec500000.sound: ssiu[0]       0x00000110
rcar_sound ec500000.sound: dvc[0]        0x00000110
rcar_sound ec500000.sound: mix[0]        0x00000110
rcar_sound ec500000.sound: ctu[2]        0x00000110
rcar_sound ec500000.sound: cmd[0]        0x00000110
rcar_sound ec500000.sound: src[1]        0x00000110 irq
rcar_sound ec500000.sound: w src[1] - SRC_INT_ENABLE0    (  22) : 00003300
rcar_sound ec500000.sound: b src[1] - SCU_SYS_INT_EN0    (  36) : 00020002/00020002
rcar_sound ec500000.sound: b src[1] - SCU_SYS_INT_EN1    (  37) : 00020002/00020002

stop

rcar_sound ec500000.sound: audmac-pp[0]  0x00000110
rcar_sound ec500000.sound: audmac[0]     0x00000110
rcar_sound ec500000.sound: ssi[0]        0x00000110 irq
rcar_sound ec500000.sound: w ssi[0] - SSI_INT_ENABLE     (   9) : 00000000
rcar_sound ec500000.sound: ssiu[0]       0x00000110
rcar_sound ec500000.sound: dvc[0]        0x00000110
rcar_sound ec500000.sound: mix[0]        0x00000110
rcar_sound ec500000.sound: ctu[2]        0x00000110
rcar_sound ec500000.sound: cmd[0]        0x00000110
rcar_sound ec500000.sound: src[1]        0x00000110 irq
rcar_sound ec500000.sound: w src[1] - SRC_INT_ENABLE0    (  22) : 00000000
rcar_sound ec500000.sound: b src[1] - SCU_SYS_INT_EN0    (  36) : 00000000/00020002
rcar_sound ec500000.sound: b src[1] - SCU_SYS_INT_EN1    (  37) : 00000000/00020002
rcar_sound ec500000.sound: audmac-pp[0]  0x00000010 stop
rcar_sound ec500000.sound: audmac[0]     0x00000010 stop
rcar_sound ec500000.sound: ssi[0]        0x00000010 stop
rcar_sound ec500000.sound: w ssi[0] - SSICR              ( 113) : 800bd323
rcar_sound ec500000.sound: r ssi[0] - SSISR              ( 114) : 0940aab2
rcar_sound ec500000.sound: w ssi[0] - SSICR              ( 113) : 800bd322
rcar_sound ec500000.sound: r ssi[0] - SSISR              ( 114) : 0a10a003
rcar_sound ec500000.sound: ssiu[0]       0x00000010 stop
rcar_sound ec500000.sound: w ssiu[0] - SSI_CTRL           (   5) : 00000000
rcar_sound ec500000.sound: dvc[0]        0x00000010
rcar_sound ec500000.sound: mix[0]        0x00000010
rcar_sound ec500000.sound: ctu[2]        0x00000010
rcar_sound ec500000.sound: cmd[0]        0x00000010 stop
rcar_sound ec500000.sound: w cmd[0] - CMD_CTRL           (  38) : 00000000
rcar_sound ec500000.sound: src[1]        0x00000010 stop
rcar_sound ec500000.sound: w src[1] - SRC_CTRL           (  19) : 00000000
rcar_sound ec500000.sound: audmac-pp[0]  0x00000000 quit
rcar_sound ec500000.sound: audmac[0]     0x00000000
rcar_sound ec500000.sound: ssi[0]        0x00000000 quit
rcar_sound ec500000.sound: b adg[0] - AUDIO_CLK_SEL0     ( 110) : 00000000/000000ff
rcar_sound ec500000.sound: ssiu[0]       0x00000000
rcar_sound ec500000.sound: dvc[0]        0x00000000 quit
rcar_sound ec500000.sound: w dvc[0] - DVC_DVUIR          (  90) : 00000001
rcar_sound ec500000.sound: w dvc[0] - DVC_SWRSR          (  89) : 00000000
rcar_sound ec500000.sound: mix[0]        0x00000000 quit
rcar_sound ec500000.sound: w mix[0] - MIX_MIXIR          (  80) : 00000001
rcar_sound ec500000.sound: w mix[0] - MIX_SWRSR          (  79) : 00000000
rcar_sound ec500000.sound: ctu[2]        0x00000000 quit
rcar_sound ec500000.sound: w ctu[2] - CTU_CTUIR          (  43) : 00000001
rcar_sound ec500000.sound: w ctu[2] - CTU_SWRSR          (  42) : 00000000
rcar_sound ec500000.sound: cmd[0]        0x00000000
rcar_sound ec500000.sound: src[1]        0x00000000 quit
rcar_sound ec500000.sound: w src[1] - SRC_SRCIR          (  14) : 00000001
rcar_sound ec500000.sound: w src[1] - SRC_SWRSR          (  13) : 00000000

CTU L <-> R invert
 amixer set "CTU Reset" on
 amixer set "CTU Pass" 2,1

aplay /home/Calm_16bit_48k.wav

rcar_sound ec500000.sound: audmac-pp[0]  0x00000000
rcar_sound ec500000.sound: audmac[0]     0x00000000
rcar_sound ec500000.sound: ssi[0]        0x00000000 hw_params
rcar_sound ec500000.sound: ssiu[0]       0x00000000
rcar_sound ec500000.sound: dvc[0]        0x00000000
rcar_sound ec500000.sound: mix[0]        0x00000000
rcar_sound ec500000.sound: ctu[2]        0x00000000 hw_params
rcar_sound ec500000.sound: cmd[0]        0x00000000
rcar_sound ec500000.sound: src[1]        0x00000000 hw_params
rcar_sound ec500000.sound: audmac-pp[0]  0x00000010
rcar_sound ec500000.sound: audmac[0]     0x00000010
rcar_sound ec500000.sound: ssi[0]        0x00000010 init
rcar_sound ec500000.sound: b adg[0] - AUDIO_CLK_SEL0     ( 110) : 00000001/000000ff
rcar_sound ec500000.sound: w ssi[0] - SSIWSR             ( 117) : 00000100
rcar_sound ec500000.sound: w ssi[0] - SSICR              ( 113) : 9c0bd322
rcar_sound ec500000.sound: w ssi[0] - SSISR              ( 114) : 00000000
rcar_sound ec500000.sound: ssiu[0]       0x00000010 init
rcar_sound ec500000.sound: b ssiu[0] - SSI_MODE0          (   1) : 00000000/00000001
rcar_sound ec500000.sound: b ssiu[0] - SSI_MODE1          (   2) : 00000000/00100010
rcar_sound ec500000.sound: b ssiu[0] - SSI_MODE2          (   3) : 00000000/00000010
rcar_sound ec500000.sound: w ssiu[0] - SSI_BUSIF_ADINR    (   7) : 00080002
rcar_sound ec500000.sound: w ssiu[0] - SSI_BUSIF_MODE     (   6) : 00000001
rcar_sound ec500000.sound: w ssiu[0] - SSI_BUSIF_DALIGN   (   8) : 76543210
rcar_sound ec500000.sound: dvc[0]        0x00000010 init
rcar_sound ec500000.sound: w dvc[0] - DVC_SWRSR          (  89) : 00000000
rcar_sound ec500000.sound: w dvc[0] - DVC_SWRSR          (  89) : 00000001
rcar_sound ec500000.sound: w dvc[0] - DVC_DVUIR          (  90) : 00000001
rcar_sound ec500000.sound: w dvc[0] - DVC_ADINR          (  91) : 00080002
rcar_sound ec500000.sound: w dvc[0] - DVC_DVUCR          (  92) : 00000101
rcar_sound ec500000.sound: w dvc[0] - DVC_VRCTR          ( 103) : 00000000
rcar_sound ec500000.sound: w dvc[0] - DVC_VRPDR          ( 104) : 00000000
rcar_sound ec500000.sound: w dvc[0] - DVC_VRDBR          ( 105) : 00000000
rcar_sound ec500000.sound: w dvc[0] - DVC_VOL0R          (  94) : 00400000
rcar_sound ec500000.sound: w dvc[0] - DVC_VOL1R          (  95) : 00400000
rcar_sound ec500000.sound: w dvc[0] - DVC_VOL2R          (  96) : 00000000
rcar_sound ec500000.sound: w dvc[0] - DVC_VOL3R          (  97) : 00000000
rcar_sound ec500000.sound: w dvc[0] - DVC_VOL4R          (  98) : 00000000
rcar_sound ec500000.sound: w dvc[0] - DVC_VOL5R          (  99) : 00000000
rcar_sound ec500000.sound: w dvc[0] - DVC_VOL6R          ( 100) : 00000000
rcar_sound ec500000.sound: w dvc[0] - DVC_VOL7R          ( 101) : 00000000
rcar_sound ec500000.sound: w dvc[0] - DVC_DVUIR          (  90) : 00000000
rcar_sound ec500000.sound: w dvc[0] - DVC_DVUER          ( 102) : 00000000
rcar_sound ec500000.sound: w dvc[0] - DVC_ZCMCR          (  93) : 00000000
rcar_sound ec500000.sound: w dvc[0] - DVC_VRPDR          ( 104) : 00000000
rcar_sound ec500000.sound: w dvc[0] - DVC_VRDBR          ( 105) : 00000000
rcar_sound ec500000.sound: w dvc[0] - DVC_VOL0R          (  94) : 00400000
rcar_sound ec500000.sound: w dvc[0] - DVC_VOL1R          (  95) : 00400000
rcar_sound ec500000.sound: w dvc[0] - DVC_VOL2R          (  96) : 00000000
rcar_sound ec500000.sound: w dvc[0] - DVC_VOL3R          (  97) : 00000000
rcar_sound ec500000.sound: w dvc[0] - DVC_VOL4R          (  98) : 00000000
rcar_sound ec500000.sound: w dvc[0] - DVC_VOL5R          (  99) : 00000000
rcar_sound ec500000.sound: w dvc[0] - DVC_VOL6R          ( 100) : 00000000
rcar_sound ec500000.sound: w dvc[0] - DVC_VOL7R          ( 101) : 00000000
rcar_sound ec500000.sound: w dvc[0] - DVC_DVUER          ( 102) : 00000001
rcar_sound ec500000.sound: mix[0]        0x00000010 init
rcar_sound ec500000.sound: w mix[0] - MIX_SWRSR          (  79) : 00000000
rcar_sound ec500000.sound: w mix[0] - MIX_SWRSR          (  79) : 00000001
rcar_sound ec500000.sound: w mix[0] - MIX_MIXIR          (  80) : 00000001
rcar_sound ec500000.sound: w mix[0] - MIX_ADINR          (  81) : 00000002
rcar_sound ec500000.sound: w mix[0] - MIX_MIXMR          (  82) : 00000000
rcar_sound ec500000.sound: w mix[0] - MIX_MVPDR          (  83) : 00000000
rcar_sound ec500000.sound: w mix[0] - MIX_MDBAR          (  84) : 00000000
rcar_sound ec500000.sound: w mix[0] - MIX_MDBBR          (  85) : 00000000
rcar_sound ec500000.sound: w mix[0] - MIX_MDBCR          (  86) : 00000000
rcar_sound ec500000.sound: w mix[0] - MIX_MDBDR          (  87) : 00000000
rcar_sound ec500000.sound: w mix[0] - MIX_MIXIR          (  80) : 00000000
rcar_sound ec500000.sound: w mix[0] - MIX_MDBER          (  88) : 00000000
rcar_sound ec500000.sound: w mix[0] - MIX_MDBAR          (  84) : 00000000
rcar_sound ec500000.sound: w mix[0] - MIX_MDBBR          (  85) : 00000000
rcar_sound ec500000.sound: w mix[0] - MIX_MDBCR          (  86) : 00000000
rcar_sound ec500000.sound: w mix[0] - MIX_MDBDR          (  87) : 00000000
rcar_sound ec500000.sound: w mix[0] - MIX_MDBER          (  88) : 00000001
rcar_sound ec500000.sound: ctu[2]        0x00000010 init
rcar_sound ec500000.sound: w ctu[2] - CTU_SWRSR          (  42) : 00000000
rcar_sound ec500000.sound: w ctu[2] - CTU_SWRSR          (  42) : 00000001
rcar_sound ec500000.sound: w ctu[2] - CTU_CTUIR          (  43) : 00000001
rcar_sound ec500000.sound: w ctu[2] - CTU_ADINR          (  44) : 00000002
rcar_sound ec500000.sound: w ctu[2] - CTU_CPMDR          (  45) : 21000000
rcar_sound ec500000.sound: w ctu[2] - CTU_SCMDR          (  46) : 00000000
rcar_sound ec500000.sound: w ctu[2] - CTU_CTUIR          (  43) : 00000000
rcar_sound ec500000.sound: cmd[0]        0x00000010 init
rcar_sound ec500000.sound: w cmd[0] - CMD_ROUTE_SLCT     (  40) : 00000001
rcar_sound ec500000.sound: w cmd[0] - CMD_BUSIF_DALIGN   (  39) : 76543210
rcar_sound ec500000.sound: b adg[0] - CMDOUT_TIMSEL      (  41) : 00000600/0000ffff
rcar_sound ec500000.sound: src[1]        0x00000010 init
rcar_sound ec500000.sound: w src[1] - SRC_SWRSR          (  13) : 00000000
rcar_sound ec500000.sound: w src[1] - SRC_SWRSR          (  13) : 00000001
rcar_sound ec500000.sound: w src[1] - SRC_ROUTE_MODE0    (  12) : 00000000
rcar_sound ec500000.sound: w src[1] - SRC_SRCIR          (  14) : 00000001
rcar_sound ec500000.sound: w src[1] - SRC_ADINR          (  15) : 00080002
rcar_sound ec500000.sound: w src[1] - SRC_IFSCR          (  16) : 00000000
rcar_sound ec500000.sound: w src[1] - SRC_IFSVR          (  17) : 00000000
rcar_sound ec500000.sound: w src[1] - SRC_SRCCR          (  18) : 00011110
rcar_sound ec500000.sound: w src[1] - SRC_BSDSR          (  20) : 01800000
rcar_sound ec500000.sound: w src[1] - SRC_BSISR          (  21) : 00100060
rcar_sound ec500000.sound: w src[1] - SRC_SRCIR          (  14) : 00000000
rcar_sound ec500000.sound: w src[1] - SRC_I_BUSIF_MODE   (  10) : 00000001
rcar_sound ec500000.sound: w src[1] - SRC_O_BUSIF_MODE   (  11) : 00000001
rcar_sound ec500000.sound: w src[1] - SRC_BUSIF_DALIGN   (  23) : 76543201
rcar_sound ec500000.sound: b adg[0] - SRCIN_TIMSEL0      (  24) : 06000000/ffff0000
rcar_sound ec500000.sound: b adg[0] - SRCOUT_TIMSEL0     (  29) : 06000000/ffff0000
rcar_sound ec500000.sound: b src[1] - SCU_SYS_STATUS0    (  34) : 00020002/00020002
rcar_sound ec500000.sound: b src[1] - SCU_SYS_STATUS1    (  35) : 00020002/00020002
rcar_sound ec500000.sound: audmac-pp[0]  0x00000110 start
rcar_sound ec500000.sound: audmac[0]     0x00000110 start
rcar_sound ec500000.sound: ssi[0]        0x00000110 start
rcar_sound ec500000.sound: b ssi[0] - SSICR              ( 113) : 00000001/00000001
rcar_sound ec500000.sound: ssiu[0]       0x00000110 start
rcar_sound ec500000.sound: w ssiu[0] - SSI_CTRL           (   5) : 00000001
rcar_sound ec500000.sound: dvc[0]        0x00000110
rcar_sound ec500000.sound: mix[0]        0x00000110
rcar_sound ec500000.sound: ctu[2]        0x00000110
rcar_sound ec500000.sound: cmd[0]        0x00000110 start
rcar_sound ec500000.sound: w cmd[0] - CMD_CTRL           (  38) : 00000010
rcar_sound ec500000.sound: src[1]        0x00000110 start
rcar_sound ec500000.sound: w src[1] - SRC_CTRL           (  19) : 00000001
rcar_sound ec500000.sound: audmac-pp[0]  0x00000110
rcar_sound ec500000.sound: audmac[0]     0x00000110
rcar_sound ec500000.sound: ssi[0]        0x00000110 irq
rcar_sound ec500000.sound: w ssi[0] - SSI_INT_ENABLE     (   9) : 0e000000
rcar_sound ec500000.sound: ssiu[0]       0x00000110
rcar_sound ec500000.sound: dvc[0]        0x00000110
rcar_sound ec500000.sound: mix[0]        0x00000110
rcar_sound ec500000.sound: ctu[2]        0x00000110
rcar_sound ec500000.sound: cmd[0]        0x00000110
rcar_sound ec500000.sound: src[1]        0x00000110 irq
rcar_sound ec500000.sound: w src[1] - SRC_INT_ENABLE0    (  22) : 00003300
rcar_sound ec500000.sound: b src[1] - SCU_SYS_INT_EN0    (  36) : 00020002/00020002
rcar_sound ec500000.sound: b src[1] - SCU_SYS_INT_EN1    (  37) : 00020002/00020002

stop

rcar_sound ec500000.sound: audmac-pp[0]  0x00000110
rcar_sound ec500000.sound: audmac[0]     0x00000110
rcar_sound ec500000.sound: ssi[0]        0x00000110 irq
rcar_sound ec500000.sound: w ssi[0] - SSI_INT_ENABLE     (   9) : 00000000
rcar_sound ec500000.sound: ssiu[0]       0x00000110
rcar_sound ec500000.sound: dvc[0]        0x00000110
rcar_sound ec500000.sound: mix[0]        0x00000110
rcar_sound ec500000.sound: ctu[2]        0x00000110
rcar_sound ec500000.sound: cmd[0]        0x00000110
rcar_sound ec500000.sound: src[1]        0x00000110 irq
rcar_sound ec500000.sound: w src[1] - SRC_INT_ENABLE0    (  22) : 00000000
rcar_sound ec500000.sound: b src[1] - SCU_SYS_INT_EN0    (  36) : 00000000/00020002
rcar_sound ec500000.sound: b src[1] - SCU_SYS_INT_EN1    (  37) : 00000000/00020002
rcar_sound ec500000.sound: audmac-pp[0]  0x00000010 stop
rcar_sound ec500000.sound: audmac[0]     0x00000010 stop
rcar_sound ec500000.sound: ssi[0]        0x00000010 stop
rcar_sound ec500000.sound: w ssi[0] - SSICR              ( 113) : 800bd323
rcar_sound ec500000.sound: r ssi[0] - SSISR              ( 114) : 0980ab30
rcar_sound ec500000.sound: w ssi[0] - SSICR              ( 113) : 800bd322
rcar_sound ec500000.sound: r ssi[0] - SSISR              ( 114) : 0a90a001
rcar_sound ec500000.sound: ssiu[0]       0x00000010 stop
rcar_sound ec500000.sound: w ssiu[0] - SSI_CTRL           (   5) : 00000000
rcar_sound ec500000.sound: dvc[0]        0x00000010
rcar_sound ec500000.sound: mix[0]        0x00000010
rcar_sound ec500000.sound: ctu[2]        0x00000010
rcar_sound ec500000.sound: cmd[0]        0x00000010 stop
rcar_sound ec500000.sound: w cmd[0] - CMD_CTRL           (  38) : 00000000
rcar_sound ec500000.sound: src[1]        0x00000010 stop
rcar_sound ec500000.sound: w src[1] - SRC_CTRL           (  19) : 00000000
rcar_sound ec500000.sound: audmac-pp[0]  0x00000000 quit
rcar_sound ec500000.sound: audmac[0]     0x00000000
rcar_sound ec500000.sound: ssi[0]        0x00000000 quit
rcar_sound ec500000.sound: b adg[0] - AUDIO_CLK_SEL0     ( 110) : 00000000/000000ff
rcar_sound ec500000.sound: ssiu[0]       0x00000000
rcar_sound ec500000.sound: dvc[0]        0x00000000 quit
rcar_sound ec500000.sound: w dvc[0] - DVC_DVUIR          (  90) : 00000001
rcar_sound ec500000.sound: w dvc[0] - DVC_SWRSR          (  89) : 00000000
rcar_sound ec500000.sound: mix[0]        0x00000000 quit
rcar_sound ec500000.sound: w mix[0] - MIX_MIXIR          (  80) : 00000001
rcar_sound ec500000.sound: w mix[0] - MIX_SWRSR          (  79) : 00000000
rcar_sound ec500000.sound: ctu[2]        0x00000000 quit
rcar_sound ec500000.sound: w ctu[2] - CTU_CTUIR          (  43) : 00000001
rcar_sound ec500000.sound: w ctu[2] - CTU_SWRSR          (  42) : 00000000
rcar_sound ec500000.sound: cmd[0]        0x00000000
rcar_sound ec500000.sound: src[1]        0x00000000 quit
rcar_sound ec500000.sound: w src[1] - SRC_SRCIR          (  14) : 00000001
rcar_sound ec500000.sound: w src[1] - SRC_SWRSR          (  13) : 00000000
